Arguments: 
  C:\Users\jacob.sterling\OneDrive - advance.online\Documents\Applications\node\node.exe C:\Users\jacob.sterling\OneDrive - advance.online\Documents\Applications\node\node_modules\yarn\bin\yarn.js add python=3.10

PATH: 
  C:\Users\jacob.sterling\Anaconda3;C:\Users\jacob.sterling\Anaconda3\Library\mingw-w64\bin;C:\Users\jacob.sterling\Anaconda3\Library\usr\bin;C:\Users\jacob.sterling\Anaconda3\Library\bin;C:\Users\jacob.sterling\Anaconda3\Scripts;C:\Users\jacob.sterling\Anaconda3\bin;C:\Users\jacob.sterling\Anaconda3\condabin;C:\Users\jacob.sterling\Anaconda3;C:\Users\jacob.sterling\Anaconda3\Library\mingw-w64\bin;C:\Users\jacob.sterling\Anaconda3\Library\usr\bin;C:\Users\jacob.sterling\Anaconda3\Library\bin;C:\Users\jacob.sterling\Anaconda3\Scripts;C:\Windows\system32;C:\Windows;C:\Windows\System32\Wbem;C:\Windows\System32\WindowsPowerShell\v1.0;C:\Windows\System32\OpenSSH;C:\Exec;C:\Users\jacob.sterling\OneDrive - advance.online\Documents\Applications\node;C:\Users\jacob.sterling\AppData\Local\Programs\Git\cmd;C:\Users\jacob.sterling\AppData\Local\Programs\Microsoft VS Code\bin

Yarn version: 
  1.22.18

Node version: 
  16.15.1

Platform: 
  win32 x64

Trace: 
  Error: https://registry.yarnpkg.com/python=3.10: Not found
      at Request.params.callback [as _callback] (C:\Users\jacob.sterling\OneDrive - advance.online\Documents\Applications\node\node_modules\yarn\lib\cli.js:66138:18)
      at Request.self.callback (C:\Users\jacob.sterling\OneDrive - advance.online\Documents\Applications\node\node_modules\yarn\lib\cli.js:140883:22)
      at Request.emit (node:events:527:28)
      at Request.<anonymous> (C:\Users\jacob.sterling\OneDrive - advance.online\Documents\Applications\node\node_modules\yarn\lib\cli.js:141855:10)
      at Request.emit (node:events:527:28)
      at IncomingMessage.<anonymous> (C:\Users\jacob.sterling\OneDrive - advance.online\Documents\Applications\node\node_modules\yarn\lib\cli.js:141777:12)
      at Object.onceWrapper (node:events:641:28)
      at IncomingMessage.emit (node:events:539:35)
      at endReadableNT (node:internal/streams/readable:1345:12)
      at processTicksAndRejections (node:internal/process/task_queues:83:21)

npm manifest: 
  No manifest

yarn manifest: 
  No manifest

Lockfile: 
  No lockfile
